android-tv/app/build/intermediates/manifest_merge_blame_file/release/manifest-merger-blame-release-report.txt
1<?xml version="1.0" encoding="utf-8"?>
2<manifest xmlns:android="http://schemas.android.com/apk/res/android"
3    package="com.kvideo.tv"
4    android:versionCode="1"
5    android:versionName="1.0.0" >
6
7    <uses-sdk
8        android:minSdkVersion="26"
9        android:targetSdkVersion="34" />
10
11    <uses-permission android:name="android.permission.INTERNET" />
11-->src/main/AndroidManifest.xml:5:5-67
11-->src/main/AndroidManifest.xml:5:22-64
12
13    <uses-feature
13-->src/main/AndroidManifest.xml:7:5-9:35
14        android:name="android.software.leanback"
14-->src/main/AndroidManifest.xml:8:9-49
15        android:required="true" />
15-->src/main/AndroidManifest.xml:9:9-32
16    <uses-feature
16-->src/main/AndroidManifest.xml:11:5-13:36
17        android:name="android.hardware.touchscreen"
17-->src/main/AndroidManifest.xml:12:9-52
18        android:required="false" />
18-->src/main/AndroidManifest.xml:13:9-33
19
20    <permission
20-->[androidx.core:core:1.13.1] AndroidManifest.xml:22:5-24:47
21        android:name="com.kvideo.tv.DYNAMIC_RECEIVER_NOT_EXPORTED_PERMISSION"
21-->[androidx.core:core:1.13.1] AndroidManifest.xml:23:9-81
22        android:protectionLevel="signature" />
22-->[androidx.core:core:1.13.1] AndroidManifest.xml:24:9-44
23
24    <uses-permission android:name="com.kvideo.tv.DYNAMIC_RECEIVER_NOT_EXPORTED_PERMISSION" />
24-->[androidx.core:core:1.13.1] AndroidManifest.xml:26:5-97
24-->[androidx.core:core:1.13.1] AndroidManifest.xml:26:22-94
25
26    <application
27        android:allowBackup="true"
27-->src/main/AndroidManifest.xml:16:9-35
28        android:appComponentFactory="androidx.core.app.CoreComponentFactory"
28-->[androidx.core:core:1.13.1] AndroidManifest.xml:28:18-86
29        android:banner="@drawable/tv_banner"
29-->src/main/AndroidManifest.xml:17:9-45
30        android:extractNativeLibs="false"
31        android:hardwareAccelerated="true"
31-->src/main/AndroidManifest.xml:18:9-43
32        android:icon="@mipmap/ic_launcher"
32-->src/main/AndroidManifest.xml:19:9-43
33        android:label="@string/app_name"
33-->src/main/AndroidManifest.xml:20:9-41
34        android:roundIcon="@mipmap/ic_launcher"
34-->src/main/AndroidManifest.xml:21:9-48
35        android:supportsRtl="true"
35-->src/main/AndroidManifest.xml:22:9-35
36        android:theme="@style/AppTheme"
36-->src/main/AndroidManifest.xml:23:9-40
37        android:usesCleartextTraffic="false" >
37-->src/main/AndroidManifest.xml:24:9-63
38        <activity
38-->src/main/AndroidManifest.xml:27:9-40:20
39            android:name="com.kvideo.tv.MainActivity"
39-->src/main/AndroidManifest.xml:28:13-41
40            android:configChanges="orientation|screenSize|keyboardHidden|screenLayout|smallestScreenSize"
40-->src/main/AndroidManifest.xml:29:13-106
41            android:exported="true"
41-->src/main/AndroidManifest.xml:30:13-36
42            android:screenOrientation="landscape"
42-->src/main/AndroidManifest.xml:31:13-50
43            android:supportsPictureInPicture="true"
43-->src/main/AndroidManifest.xml:32:13-52
44            android:windowSoftInputMode="adjustResize" >
44-->src/main/AndroidManifest.xml:33:13-55
45
46            <!-- Leanback launcher (Android TV home) -->
47            <intent-filter>
47-->src/main/AndroidManifest.xml:36:13-39:29
48                <action android:name="android.intent.action.MAIN" />
48-->src/main/AndroidManifest.xml:37:17-69
48-->src/main/AndroidManifest.xml:37:25-66
49
50                <category android:name="android.intent.category.LEANBACK_LAUNCHER" />
50-->src/main/AndroidManifest.xml:38:17-86
50-->src/main/AndroidManifest.xml:38:27-83
51            </intent-filter>
52        </activity>
53
54        <provider
54-->[androidx.profileinstaller:profileinstaller:1.3.1] AndroidManifest.xml:24:9-32:20
55            android:name="androidx.startup.InitializationProvider"
55-->[androidx.profileinstaller:profileinstaller:1.3.1] AndroidManifest.xml:25:13-67
56            android:authorities="com.kvideo.tv.androidx-startup"
56-->[androidx.profileinstaller:profileinstaller:1.3.1] AndroidManifest.xml:26:13-68
57            android:exported="false" >
57-->[androidx.profileinstaller:profileinstaller:1.3.1] AndroidManifest.xml:27:13-37
58            <meta-data
58-->[androidx.profileinstaller:profileinstaller:1.3.1] AndroidManifest.xml:29:13-31:52
59                android:name="androidx.profileinstaller.ProfileInstallerInitializer"
59-->[androidx.profileinstaller:profileinstaller:1.3.1] AndroidManifest.xml:30:17-85
60                android:value="androidx.startup" />
60-->[androidx.profileinstaller:profileinstaller:1.3.1] AndroidManifest.xml:31:17-49
61        </provider>
62
63        <receiver
63-->[androidx.profileinstaller:profileinstaller:1.3.1] AndroidManifest.xml:34:9-52:20
64            android:name="androidx.profileinstaller.ProfileInstallReceiver"
64-->[androidx.profileinstaller:profileinstaller:1.3.1] AndroidManifest.xml:35:13-76
65            android:directBootAware="false"
65-->[androidx.profileinstaller:profileinstaller:1.3.1] AndroidManifest.xml:36:13-44
66            android:enabled="true"
66-->[androidx.profileinstaller:profileinstaller:1.3.1] AndroidManifest.xml:37:13-35
67            android:exported="true"
67-->[androidx.profileinstaller:profileinstaller:1.3.1] AndroidManifest.xml:38:13-36
68            android:permission="android.permission.DUMP" >
68-->[androidx.profileinstaller:profileinstaller:1.3.1] AndroidManifest.xml:39:13-57
69            <intent-filter>
69-->[androidx.profileinstaller:profileinstaller:1.3.1] AndroidManifest.xml:40:13-42:29
70                <action android:name="androidx.profileinstaller.action.INSTALL_PROFILE" />
70-->[androidx.profileinstaller:profileinstaller:1.3.1] AndroidManifest.xml:41:17-91
70-->[androidx.profileinstaller:profileinstaller:1.3.1] AndroidManifest.xml:41:25-88
71            </intent-filter>
72            <intent-filter>
72-->[androidx.profileinstaller:profileinstaller:1.3.1] AndroidManifest.xml:43:13-45:29
73                <action android:name="androidx.profileinstaller.action.SKIP_FILE" />
73-->[androidx.profileinstaller:profileinstaller:1.3.1] AndroidManifest.xml:44:17-85
73-->[androidx.profileinstaller:profileinstaller:1.3.1] AndroidManifest.xml:44:25-82
74            </intent-filter>
75            <intent-filter>
75-->[androidx.profileinstaller:profileinstaller:1.3.1] AndroidManifest.xml:46:13-48:29
76                <action android:name="androidx.profileinstaller.action.SAVE_PROFILE" />
76-->[androidx.profileinstaller:profileinstaller:1.3.1] AndroidManifest.xml:47:17-88
76-->[androidx.profileinstaller:profileinstaller:1.3.1] AndroidManifest.xml:47:25-85
77            </intent-filter>
78            <intent-filter>
78-->[androidx.profileinstaller:profileinstaller:1.3.1] AndroidManifest.xml:49:13-51:29
79                <action android:name="androidx.profileinstaller.action.BENCHMARK_OPERATION" />
79-->[androidx.profileinstaller:profileinstaller:1.3.1] AndroidManifest.xml:50:17-95
79-->[androidx.profileinstaller:profileinstaller:1.3.1] AndroidManifest.xml:50:25-92
80            </intent-filter>
81        </receiver>
82    </application>
83
84</manifest>